make.exe all --print-data-base --no-builtin-variables --no-builtin-rules --question
# GNU Make 3.80
# Copyright (C) 2002  Free Software Foundation, Inc.
# This is free software; see the source for copying conditions.
# There is NO warranty; not even for MERCHANTABILITY or FITNESS FOR A
# PARTICULAR PURPOSE.
 
makefile:14: Extraneous text after `else' directive
makefile:17: *** only one `else' per conditional.  Stop.


# Make data base, printed on Thu May 26 18:34:21 2022

# Variables

# automatic
<D = $(patsubst %/,%,$(dir $<))
# automatic
?F = $(notdir $?)
# makefile
MAKEFLAGS = Rrqp
# environment
VSCODE_LOG_NATIVE = false
# automatic
?D = $(patsubst %/,%,$(dir $?))
# automatic
@D = $(patsubst %/,%,$(dir $@))
# environment
HOMEDRIVE = C:
# automatic
@F = $(notdir $@)
# automatic
^D = $(patsubst %/,%,$(dir $^))
# default
CURDIR := c:/code/cpp/gui3
# default
SHELL := sh.exe
# environment
WINDIR = C:\WINDOWS
# environment
VSCODE_NLS_CONFIG = {"locale":"en-us","availableLanguages":{},"_languagePackSupport":true}
# environment
ONEDRIVE = C:\Users\croi\OneDrive
# makefile (from `makefile', line 4)
config = debug
# environment
PATHEXT = .COM;.EXE;.BAT;.CMD;.VBS;.VBE;.JS;.JSE;.WSF;.WSH;.MSC
# makefile (from `makefile', line 1)
MAKEFILE_LIST :=  makefile
# environment
TMP = C:\Users\croi\AppData\Local\Temp
# environment
NEKO_INSTPATH = C:\HaxeToolkit\neko
# environment
VSCODE_VERBOSE_LOGGING = true
# makefile (from `makefile', line 8)
SILENT = @
# environment
PROGRAMW6432 = C:\Program Files
# environment
PROGRAMDATA = C:\ProgramData
# environment
VSCODE_IPC_HOOK_EXTHOST = \\.\pipe\vscode-ipc-1bbfea1b-f863-4272-a2fd-81e2d5e511e0-sock
# environment
VSCODE_CWD = C:\code\cpp
# environment
PATH = C:\Windows\system32;C:\Windows;C:\Windows\System32\Wbem;C:\Windows\System32\WindowsPowerShell\v1.0\;C:\Program Files\NVIDIA Corporation\NVIDIA NvDLISR;C:\Program Files\NVIDIA Corporation\NVIDIA NGX;C:\Program Files\dotnet\;C:\Program Files\Git\cmd;C:\WINDOWS\system32;C:\WINDOWS;C:\WINDOWS\System32\Wbem;C:\WINDOWS\System32\WindowsPowerShell\v1.0\;C:\WINDOWS\System32\OpenSSH\;C:\Program Files\Go\bin;C:\HaxeToolkit\haxe;C:\HaxeToolkit\neko;C:\premake-5.0.0-beta1-windows;C:\Program Files\Microsoft Visual Studio\2022\Community\MSBuild\Current\Bin;C:\mingw32\bin;C:\Program Files\010 Editor;C:\Program Files\CMake\bin;%USERPROFILE%\AppData\Local\Microsoft\WindowsApps;C:\Users\croi\AppData\Local\Programs\Microsoft VS Code\bin;%USERPROFILE%\.dotnet\tools;C:\Users\croi\AppData\Local\GitHubDesktop\bin;%USERPROFILE%\go\bin;C:\OJI\FP\bin\i386-Win32
# environment
COMMONPROGRAMW6432 = C:\Program Files\Common Files
# environment
PROCESSOR_ARCHITECTURE = x86
# environment
USERPROFILE = C:\Users\croi
# environment
ALLUSERSPROFILE = C:\ProgramData
# environment
GOPATH = C:\Users\croi\go
# environment
VSCODE_LOG_STACK = false
# environment
NUMBER_OF_PROCESSORS = 16
# environment
ELECTRON_RUN_AS_NODE = 1
# automatic
%F = $(notdir $%)
# makefile (from `makefile', line 12)
gui3_config = debug
# environment
CHROME_CRASHPAD_PIPE_NAME = \\.\pipe\crashpad_19696_CPWYQDYRNSEEFXKA
# environment
VSCODE_PIPE_LOGGING = true
# environment
COMPUTERNAME = DESKTOP-H81847P
# environment
PROGRAMFILES = C:\Program Files (x86)
# environment
DRIVERDATA = C:\Windows\System32\Drivers\DriverData
# environment
HAXEPATH = C:\HaxeToolkit\haxe
# environment
ORIGINAL_XDG_CURRENT_DESKTOP = undefined
# environment
USERNAME = croi
# environment
PUBLIC = C:\Users\Public
# environment
VSCODE_AMD_ENTRYPOINT = vs/workbench/api/node/extensionHostProcess
# environment
VSCODE_CODE_CACHE_PATH = C:\Users\croi\AppData\Roaming\Code\CachedData\c3511e6c69bb39013c4a4b7b9566ec1ca73fc4d5
# environment
APPLICATION_INSIGHTS_NO_DIAGNOSTIC_CHANNEL = 1
# environment
COMMONPROGRAMFILES = C:\Program Files (x86)\Common Files
# environment
LOGONSERVER = \\DESKTOP-H81847P
# environment
ONEDRIVECONSUMER = C:\Users\croi\OneDrive
# environment
VSCODE_HANDLES_UNCAUGHT_ERRORS = true
# environment
USERDOMAIN = DESKTOP-H81847P
# default
MAKE = $(MAKE_COMMAND)
# default
MAKECMDGOALS := all
# default
MAKE_VERSION := 3.80
# environment
PROGRAMFILES(X86) = C:\Program Files (x86)
# automatic
%D = $(patsubst %/,%,$(dir $%))
# environment
LOCALAPPDATA = C:\Users\croi\AppData\Local
# environment
PSMODULEPATH = C:\Program Files\WindowsPowerShell\Modules;C:\WINDOWS\system32\WindowsPowerShell\v1.0\Modules
# default
MAKE_COMMAND := make.exe
# environment
PROCESSOR_ARCHITEW6432 = AMD64
# default
.VARIABLES := 
# automatic
*F = $(notdir $*)
# environment
PROCESSOR_IDENTIFIER = AMD64 Family 23 Model 8 Stepping 2, AuthenticAMD
# environment
OS = Windows_NT
# environment
VSCODE_IPC_HOOK = \\.\pipe\2fc8aca4464f9cc77fb50c69b62078c4-1.67.2-main-sock
# environment
HOMEPATH = \Users\croi
# environment
COMMONPROGRAMFILES(X86) = C:\Program Files (x86)\Common Files
# environment
PROMPT = $P$G
# environment
MFLAGS = -Rrqp
# automatic
*D = $(patsubst %/,%,$(dir $*))
# environment
SYSTEMROOT = C:\WINDOWS
# automatic
+D = $(patsubst %/,%,$(dir $+))
# automatic
+F = $(notdir $+)
# environment
APPDATA = C:\Users\croi\AppData\Roaming
# environment
Path = C:\Windows\system32;C:\Windows;C:\Windows\System32\Wbem;C:\Windows\System32\WindowsPowerShell\v1.0\;C:\Program Files\NVIDIA Corporation\NVIDIA NvDLISR;C:\Program Files\NVIDIA Corporation\NVIDIA NGX;C:\Program Files\dotnet\;C:\Program Files\Git\cmd;C:\WINDOWS\system32;C:\WINDOWS;C:\WINDOWS\System32\Wbem;C:\WINDOWS\System32\WindowsPowerShell\v1.0\;C:\WINDOWS\System32\OpenSSH\;C:\Program Files\Go\bin;C:\HaxeToolkit\haxe;C:\HaxeToolkit\neko;C:\premake-5.0.0-beta1-windows;C:\Program Files\Microsoft Visual Studio\2022\Community\MSBuild\Current\Bin;C:\mingw32\bin;C:\Program Files\010 Editor;C:\Program Files\CMake\bin;%USERPROFILE%\AppData\Local\Microsoft\WindowsApps;C:\Users\croi\AppData\Local\Programs\Microsoft VS Code\bin;%USERPROFILE%\.dotnet\tools;C:\Users\croi\AppData\Local\GitHubDesktop\bin;%USERPROFILE%\go\bin;C:\OJI\FP\bin\i386-Win32
# environment
TEMP = C:\Users\croi\AppData\Local\Temp
# environment
COMSPEC = C:\WINDOWS\system32\cmd.exe
# default
MAKEFILES := 
# automatic
<F = $(notdir $<)
# environment
LC_ALL = C
# automatic
^F = $(notdir $^)
# default
SUFFIXES := 
# environment
SYSTEMDRIVE = C:
# environment
SESSIONNAME = Console
# environment
PROCESSOR_REVISION = 0802
# environment
MAKELEVEL := 0
# environment
LANG = C
# environment
PROCESSOR_LEVEL = 23
# environment
VSCODE_PID = 19696
# environment
USERDOMAIN_ROAMINGPROFILE = DESKTOP-H81847P
# variable set hash-table stats:
# Load=92/1024=9%, Rehash=0, Collisions=5/102=5%

# Directories

# %USERPROFILE%\AppData\Local\Microsoft\WindowsApps: could not be stat'd.
# C:\OJI\FP\bin\i386-Win32 (key C:/OJI/FP/bin/i386-Win32, mtime 1227007066): 75 files, no impossibilities.
# C:\Program Files\NVIDIA Corporation\NVIDIA NGX (key C:/Program Files/NVIDIA Corporation/NVIDIA NGX, mtime 1644663258): 5 files, no impossibilities.
# C:\Program Files\Go\bin (key C:/Program Files/Go/bin, mtime 1646166914): 4 files, no impossibilities.
# C:\premake-5.0.0-beta1-windows (key C:/premake-5.0.0-beta1-windows, mtime 1650205726): 3 files, no impossibilities.
# C:\Windows\System32\WindowsPowerShell\v1.0\ (key C:/Windows/System32/WindowsPowerShell/v1.0/, mtime 1644864703): 30 files, no impossibilities.
# %USERPROFILE%\go\bin: could not be stat'd.
# C:\Windows\System32\Wbem (key C:/Windows/System32/Wbem, mtime 1652648608): 171 files, no impossibilities.
# . (key c:/code/cpp/gui3, mtime 1653579215): 18 files, no impossibilities.
# C:\Program Files\dotnet\ (key C:/Program Files/dotnet/, mtime 1644668250): 12 files, no impossibilities.
# C:\Program Files\Microsoft Visual Studio\2022\Community\MSBuild\Current\Bin (key C:/Program Files/Microsoft Visual Studio/2022/Community/MSBuild/Current/Bin, mtime 1644668200): 95 files, no impossibilities.
# C:\Program Files\010 Editor (key C:/Program Files/010 Editor, mtime 1651148085): 36 files, no impossibilities.
# C:\Users\croi\AppData\Local\Programs\Microsoft VS Code\bin (key C:/Users/croi/AppData/Local/Programs/Microsoft VS Code/bin, mtime 1652969896): 4 files, no impossibilities.
# C:\WINDOWS\System32\OpenSSH\: could not be stat'd.
# C:\Windows (key C:/Windows, mtime 1652648650): 112 files, no impossibilities.
# %USERPROFILE%\.dotnet\tools: could not be stat'd.
# C:\Users\croi\AppData\Local\GitHubDesktop\bin (key C:/Users/croi/AppData/Local/GitHubDesktop/bin, mtime 1644672904): 4 files, no impossibilities.
# C:\Program Files\Git\cmd (key C:/Program Files/Git/cmd, mtime 1644673043): 8 files, no impossibilities.
# C:\Windows\system32 (key C:/Windows/system32, mtime 1652713411): 3135 files, no impossibilities.
# C:\HaxeToolkit\neko (key C:/HaxeToolkit/neko, mtime 1648919449): 27 files, no impossibilities.
# C:\mingw32\bin (key C:/mingw32/bin, mtime 1649504219): 82 files, no impossibilities.
# C:\HaxeToolkit\haxe (key C:/HaxeToolkit/haxe, mtime 1648919445): 14 files, no impossibilities.
# C:\Program Files\CMake\bin (key C:/Program Files/CMake/bin, mtime 1651417830): 7 files, no impossibilities.
# C:\Program Files\NVIDIA Corporation\NVIDIA NvDLISR (key C:/Program Files/NVIDIA Corporation/NVIDIA NvDLISR, mtime 1644659587): 5 files, no impossibilities.

# 3847 files, no impossibilities in 24 directories.

# Implicit Rules

# No implicit rules.

# Pattern-specific variable values

# No pattern-specific variable values.

# Files

# Not a target:
all:
#  Command-line target.
#  Implicit rule search has not been done.
#  Modification time never checked.
#  File has not been updated.

# Not a target:
.DEFAULT:
#  Implicit rule search has not been done.
#  Modification time never checked.
#  File has not been updated.

# Not a target:
makefile:
#  Implicit rule search has not been done.
#  Modification time never checked.
#  File has not been updated.

# Not a target:
.SUFFIXES:
#  Implicit rule search has not been done.
#  Modification time never checked.
#  File has not been updated.

# files hash-table stats:
# Load=4/1024=0%, Rehash=0, Collisions=0/5=0%
# VPATH Search Paths

# No `vpath' search paths.

# No general (`VPATH' variable) search path.

# Finished Make data base on Thu May 26 18:34:21 2022

 
